<?xml version="1.0" encoding="UTF-8"?>
<testng-results skipped="0" failed="0" total="1" passed="1">
  <reporter-output>
  </reporter-output>
  <suite name="Default suite" duration-ms="8250" started-at="2018-01-19T11:29:10Z" finished-at="2018-01-19T11:29:18Z">
    <groups>
    </groups>
    <test name="Default test" duration-ms="8250" started-at="2018-01-19T11:29:10Z" finished-at="2018-01-19T11:29:18Z">
      <class name="test.NewTestexample">
        <test-method status="PASS" signature="beforeTest()[pri:0, instance:test.NewTestexample@1fbc7afb]" name="beforeTest" is-config="true" duration-ms="6000" started-at="2018-01-19T16:59:10Z" finished-at="2018-01-19T16:59:16Z">
          <reporter-output>
          </reporter-output>
        </test-method> <!-- beforeTest -->
        <test-method status="PASS" signature="testPetClinic()[pri:0, instance:test.NewTestexample@1fbc7afb]" name="testPetClinic" duration-ms="2144" started-at="2018-01-19T16:59:16Z" finished-at="2018-01-19T16:59:18Z">
          <reporter-output>
          </reporter-output>
        </test-method> <!-- testPetClinic -->
        <test-method status="PASS" signature="afterTest()[pri:0, instance:test.NewTestexample@1fbc7afb]" name="afterTest" is-config="true" duration-ms="98" started-at="2018-01-19T16:59:18Z" finished-at="2018-01-19T16:59:18Z">
          <reporter-output>
          </reporter-output>
        </test-method> <!-- afterTest -->
      </class> <!-- test.NewTestexample -->
    </test> <!-- Default test -->
  </suite> <!-- Default suite -->
</testng-results>
